[1.859s] Invoking command in '/home/boz/rasp/src/led_commander': DEBUGINFOD_URLS=https://debuginfod.ubuntu.com PYTHONPATH=/home/boz/rasp/build/led_commander/prefix_override:/usr/lib/python3/dist-packages/colcon_core/task/python/colcon_distutils_commands:/home/boz/rasp/install/led_commander/lib/python3.12/site-packages:${PYTHONPATH} /usr/bin/python3 -W ignore:setup.py install is deprecated -W ignore:easy_install command is deprecated setup.py egg_info --egg-base ../../build/led_commander build --build-base /home/boz/rasp/build/led_commander/build install --record /home/boz/rasp/build/led_commander/install.log --single-version-externally-managed install_data
[2.346s] running egg_info
[2.379s] writing ../../build/led_commander/led_commander.egg-info/PKG-INFO
[2.380s] writing dependency_links to ../../build/led_commander/led_commander.egg-info/dependency_links.txt
[2.381s] writing entry points to ../../build/led_commander/led_commander.egg-info/entry_points.txt
[2.386s] writing requirements to ../../build/led_commander/led_commander.egg-info/requires.txt
[2.386s] writing top-level names to ../../build/led_commander/led_commander.egg-info/top_level.txt
[2.453s] reading manifest file '../../build/led_commander/led_commander.egg-info/SOURCES.txt'
[2.454s] writing manifest file '../../build/led_commander/led_commander.egg-info/SOURCES.txt'
[2.455s] running build
[2.455s] running build_py
[2.455s] running install
[2.465s] running install_lib
[2.497s] running install_data
[2.497s] running install_egg_info
[2.537s] removing '/home/boz/rasp/install/led_commander/lib/python3.12/site-packages/led_commander-0.0.0-py3.12.egg-info' (and everything under it)
[2.538s] Copying ../../build/led_commander/led_commander.egg-info to /home/boz/rasp/install/led_commander/lib/python3.12/site-packages/led_commander-0.0.0-py3.12.egg-info
[2.544s] running install_scripts
[2.767s] Installing led_publisher script to /home/boz/rasp/install/led_commander/lib/led_commander
[2.767s] writing list of installed files to '/home/boz/rasp/build/led_commander/install.log'
[2.829s] Invoked command in '/home/boz/rasp/src/led_commander' returned '0': DEBUGINFOD_URLS=https://debuginfod.ubuntu.com PYTHONPATH=/home/boz/rasp/build/led_commander/prefix_override:/usr/lib/python3/dist-packages/colcon_core/task/python/colcon_distutils_commands:/home/boz/rasp/install/led_commander/lib/python3.12/site-packages:${PYTHONPATH} /usr/bin/python3 -W ignore:setup.py install is deprecated -W ignore:easy_install command is deprecated setup.py egg_info --egg-base ../../build/led_commander build --build-base /home/boz/rasp/build/led_commander/build install --record /home/boz/rasp/build/led_commander/install.log --single-version-externally-managed install_data
