[2.396s] Invoking command in '/home/boz/rasp/src/led_commander': DEBUGINFOD_URLS=https://debuginfod.ubuntu.com PYTHONPATH=/home/boz/rasp/build/led_commander/prefix_override:/usr/lib/python3/dist-packages/colcon_core/task/python/colcon_distutils_commands:/home/boz/rasp/install/led_commander/lib/python3.12/site-packages:${PYTHONPATH} /usr/bin/python3 -W ignore:setup.py install is deprecated -W ignore:easy_install command is deprecated setup.py egg_info --egg-base ../../build/led_commander build --build-base /home/boz/rasp/build/led_commander/build install --record /home/boz/rasp/build/led_commander/install.log --single-version-externally-managed install_data
[2.914s] running egg_info
[2.950s] writing ../../build/led_commander/led_commander.egg-info/PKG-INFO
[2.966s] writing dependency_links to ../../build/led_commander/led_commander.egg-info/dependency_links.txt
[2.967s] writing entry points to ../../build/led_commander/led_commander.egg-info/entry_points.txt
[2.967s] writing requirements to ../../build/led_commander/led_commander.egg-info/requires.txt
[2.968s] writing top-level names to ../../build/led_commander/led_commander.egg-info/top_level.txt
[3.036s] reading manifest file '../../build/led_commander/led_commander.egg-info/SOURCES.txt'
[3.038s] writing manifest file '../../build/led_commander/led_commander.egg-info/SOURCES.txt'
[3.038s] running build
[3.039s] running build_py
[3.041s] copying led_commander/led_publisher.py -> /home/boz/rasp/build/led_commander/build/lib/led_commander
[3.041s] running install
[3.048s] running install_lib
[3.095s] copying /home/boz/rasp/build/led_commander/build/lib/led_commander/led_publisher.py -> /home/boz/rasp/install/led_commander/lib/python3.12/site-packages/led_commander
[3.097s] byte-compiling /home/boz/rasp/install/led_commander/lib/python3.12/site-packages/led_commander/led_publisher.py to led_publisher.cpython-312.pyc
[3.100s] running install_data
[3.100s] running install_egg_info
[3.141s] removing '/home/boz/rasp/install/led_commander/lib/python3.12/site-packages/led_commander-0.0.0-py3.12.egg-info' (and everything under it)
[3.142s] Copying ../../build/led_commander/led_commander.egg-info to /home/boz/rasp/install/led_commander/lib/python3.12/site-packages/led_commander-0.0.0-py3.12.egg-info
[3.146s] running install_scripts
[3.506s] Installing led_publisher script to /home/boz/rasp/install/led_commander/lib/led_commander
[3.506s] writing list of installed files to '/home/boz/rasp/build/led_commander/install.log'
[3.665s] Invoked command in '/home/boz/rasp/src/led_commander' returned '0': DEBUGINFOD_URLS=https://debuginfod.ubuntu.com PYTHONPATH=/home/boz/rasp/build/led_commander/prefix_override:/usr/lib/python3/dist-packages/colcon_core/task/python/colcon_distutils_commands:/home/boz/rasp/install/led_commander/lib/python3.12/site-packages:${PYTHONPATH} /usr/bin/python3 -W ignore:setup.py install is deprecated -W ignore:easy_install command is deprecated setup.py egg_info --egg-base ../../build/led_commander build --build-base /home/boz/rasp/build/led_commander/build install --record /home/boz/rasp/build/led_commander/install.log --single-version-externally-managed install_data
