[1.195s] Invoking command in '/home/boz/rasp/src/led_commander': DEBUGINFOD_URLS=https://debuginfod.ubuntu.com PYTHONPATH=/home/boz/rasp/build/led_commander/prefix_override:/usr/lib/python3/dist-packages/colcon_core/task/python/colcon_distutils_commands:/home/boz/rasp/install/led_commander/lib/python3.12/site-packages:${PYTHONPATH} /usr/bin/python3 -W ignore:setup.py install is deprecated -W ignore:easy_install command is deprecated setup.py egg_info --egg-base ../../build/led_commander build --build-base /home/boz/rasp/build/led_commander/build install --record /home/boz/rasp/build/led_commander/install.log --single-version-externally-managed install_data
[1.511s] running egg_info
[1.545s] writing ../../build/led_commander/led_commander.egg-info/PKG-INFO
[1.548s] writing dependency_links to ../../build/led_commander/led_commander.egg-info/dependency_links.txt
[1.548s] writing entry points to ../../build/led_commander/led_commander.egg-info/entry_points.txt
[1.549s] writing requirements to ../../build/led_commander/led_commander.egg-info/requires.txt
[1.549s] writing top-level names to ../../build/led_commander/led_commander.egg-info/top_level.txt
[1.601s] reading manifest file '../../build/led_commander/led_commander.egg-info/SOURCES.txt'
[1.603s] writing manifest file '../../build/led_commander/led_commander.egg-info/SOURCES.txt'
[1.603s] running build
[1.603s] running build_py
[1.603s] copying led_commander/led_publisher.py -> /home/boz/rasp/build/led_commander/build/lib/led_commander
[1.604s] running install
[1.610s] running install_lib
[1.641s] copying /home/boz/rasp/build/led_commander/build/lib/led_commander/led_publisher.py -> /home/boz/rasp/install/led_commander/lib/python3.12/site-packages/led_commander
[1.642s] byte-compiling /home/boz/rasp/install/led_commander/lib/python3.12/site-packages/led_commander/led_publisher.py to led_publisher.cpython-312.pyc
[1.644s] Sorry: IndentationError: unexpected indent (led_publisher.py, line 20)
[1.645s] running install_data
[1.645s] running install_egg_info
[1.672s] removing '/home/boz/rasp/install/led_commander/lib/python3.12/site-packages/led_commander-0.0.0-py3.12.egg-info' (and everything under it)
[1.673s] Copying ../../build/led_commander/led_commander.egg-info to /home/boz/rasp/install/led_commander/lib/python3.12/site-packages/led_commander-0.0.0-py3.12.egg-info
[1.675s] running install_scripts
[1.844s] Installing led_publisher script to /home/boz/rasp/install/led_commander/lib/led_commander
[1.849s] writing list of installed files to '/home/boz/rasp/build/led_commander/install.log'
[1.905s] Invoked command in '/home/boz/rasp/src/led_commander' returned '0': DEBUGINFOD_URLS=https://debuginfod.ubuntu.com PYTHONPATH=/home/boz/rasp/build/led_commander/prefix_override:/usr/lib/python3/dist-packages/colcon_core/task/python/colcon_distutils_commands:/home/boz/rasp/install/led_commander/lib/python3.12/site-packages:${PYTHONPATH} /usr/bin/python3 -W ignore:setup.py install is deprecated -W ignore:easy_install command is deprecated setup.py egg_info --egg-base ../../build/led_commander build --build-base /home/boz/rasp/build/led_commander/build install --record /home/boz/rasp/build/led_commander/install.log --single-version-externally-managed install_data
